v1.1.1
修复了winscan模块的列表索引问题

v1.1.2
修改mssql模块、mongo模块、postgres模块部分代码，（由于数据库驱动问题，不能走代理，有解决方法的小伙伴可与我联系，万分感谢）
修改了ssh模块（扫到路由器出现相关的问题）

v1.1.3
修复ftp，ssh模块连接失败报错退出，原因是某些情况下爆破速度过快导致连接被拒绝
ping模块新加内网网段发现功能（ping路由方式+oxid发现不通网段）
端口扫描框架新加参数控制显示百分比

v.1.1.4
httpserver新加文件上传功能，写的比较简单存在未授权，所以用完就关掉
参考fscan优化了httptitle获取，新增web指纹识别

v.1.1.5
新增使用ssh私钥遍历主机功能
修改了ping模块网段发现的小bug
修改了一下输出参数使用，默认-o输出到当前路径，文件名使用Hosts参数

v.1.2.1
增加ldap模块，暂时只支持爆破，下次添加查询功能

v.1.2.2
扫描过程中的结果也输出到文件中
去掉--path参数，现在不指定会默认在当前路径生成以Host为文件名的结果，-o指定路径
忽略https证书过期的400
端口扫描和all模块默认使用ping，增加参数noping禁止ping
修改默认线程为600

v.1.2.3
添加了syn扫描，但是还不稳定，目前只在linux上测试成功（需要root权限）
mongo模块支持代理
改了一下http扫描时的输出格式
新加全局选项：输出时可选择是否禁用进度条（针对于某些场景下进度条沾满屏幕）

v.1.3.1
[+]2022/1/11 新增rdp模块,并添加到all模块中